{"level":"info","message":"Request from ::1"}
{"level":"info","message":"Get help ticket content for help ticket %s"}
{"level":"info","message":"Request from ::1"}
{"level":"info","message":"Get all help tickets"}
{"level":"info","message":"Request from ::1"}
{"level":"info","message":"Creating help ticket"}
{"level":"info","message":"Request from ::1"}
{"level":"info","message":"Get all help tickets"}
{"level":"info","message":"Request from ::1"}
{"level":"info","message":"Get help ticket content for help ticket %s"}
{"level":"info","message":"Request from ::1"}
{"level":"info","message":"Get all help tickets"}
{"level":"info","message":"Request from ::1"}
{"level":"info","message":"Get all help tickets"}
{"level":"info","message":"Request from ::1"}
{"level":"info","message":"Creating help ticket"}
{"level":"info","message":"Request from ::1"}
{"level":"info","message":"Get all help tickets"}
{"level":"info","message":"Request from ::1"}
{"level":"info","message":"Get help ticket content for help ticket %s"}
{"level":"info","message":"Request from ::1"}
{"level":"info","message":"Get all help tickets"}
{"level":"info","message":"Request from ::1"}
{"level":"info","message":"Get all help tickets"}
{"level":"info","message":"Request from ::1"}
{"level":"info","message":"Get all help tickets"}
{"level":"info","message":"Request from ::1"}
{"level":"info","message":"Get all help tickets"}
{"level":"info","message":"Request from ::1"}
{"level":"info","message":"Get all help tickets"}
{"level":"info","message":"Loading Mongoose functionality"}
{"level":"info","message":"Starting application"}
{"level":"info","message":"HTTP Server listening on port: %d, in %s mode"}
{"level":"info","message":"Mongoose connected to the database"}
{"level":"info","message":"Request from ::1"}
{"level":"info","message":"Get all help tickets"}
{"level":"info","message":"Request from ::1"}
{"level":"info","message":"Creating help ticket"}
{"level":"info","message":"Request from ::1"}
{"level":"info","message":"Get all help tickets"}
{"level":"info","message":"Request from ::1"}
{"level":"info","message":"Get help ticket content for help ticket %s"}
{"level":"info","message":"Request from ::1"}
{"level":"info","message":"Get all help tickets"}
{"level":"info","message":"Request from ::1"}
{"level":"info","message":"Get all help tickets"}
{"level":"info","message":"Request from ::1"}
{"level":"info","message":"Get help ticket content for help ticket %s"}
{"level":"info","message":"Request from ::1"}
{"level":"info","message":"Get all help tickets"}
{"level":"info","message":"Request from ::1"}
{"level":"info","message":"Get all help tickets"}
{"level":"info","message":"Request from ::1"}
{"level":"info","message":"Get help ticket content for help ticket %s"}
{"level":"info","message":"Request from ::1"}
{"level":"info","message":"Get all help tickets"}
{"level":"info","message":"Request from ::1"}
{"level":"info","message":"Get all help tickets"}
{"level":"info","message":"Request from ::1"}
{"level":"info","message":"Get help ticket content for help ticket %s"}
{"level":"info","message":"Request from ::1"}
{"level":"info","message":"Updating helpTickets"}
{"level":"info","message":"Request from ::1"}
{"level":"info","message":"Get help ticket content for help ticket %s"}
{"level":"info","message":"Request from ::1"}
{"level":"info","message":"Updating helpTickets"}
{"level":"info","message":"Loading Mongoose functionality"}
{"level":"info","message":"Starting application"}
{"level":"info","message":"HTTP Server listening on port: %d, in %s mode"}
{"level":"info","message":"Mongoose connected to the database"}
{"level":"info","message":"Loading Mongoose functionality"}
{"level":"info","message":"Starting application"}
{"level":"info","message":"HTTP Server listening on port: %d, in %s mode"}
{"level":"info","message":"Mongoose connected to the database"}
{"level":"info","message":"Loading Mongoose functionality"}
{"level":"info","message":"Starting application"}
{"level":"info","message":"HTTP Server listening on port: %d, in %s mode"}
{"level":"info","message":"Mongoose connected to the database"}
{"level":"info","message":"Request from ::1"}
{"level":"info","message":"Get all help tickets"}
{"level":"info","message":"Request from ::1"}
{"level":"info","message":"Get help ticket content for help ticket %s"}
{"level":"info","message":"Request from ::1"}
{"level":"info","message":"Updating HelpTicket"}
{"level":"info","message":"Request from ::1"}
{"level":"info","message":"Get all help tickets"}
{"level":"info","message":"Request from ::1"}
{"level":"info","message":"Get help ticket content for help ticket %s"}
{"level":"info","message":"Loading Mongoose functionality"}
{"level":"info","message":"Starting application"}
{"level":"info","message":"HTTP Server listening on port: %d, in %s mode"}
{"level":"info","message":"Mongoose connected to the database"}
{"level":"info","message":"Request from ::1"}
{"level":"info","message":"Updating HelpTicket"}
{"level":"info","message":"Request from ::1"}
{"level":"info","message":"Updating HelpTicket"}
{"level":"info","message":"Request from ::1"}
{"level":"info","message":"Get all help tickets"}
{"level":"info","message":"Request from ::1"}
{"level":"info","message":"Get help ticket content for help ticket %s"}
{"level":"info","message":"Loading Mongoose functionality"}
{"level":"info","message":"Starting application"}
{"level":"info","message":"HTTP Server listening on port: %d, in %s mode"}
{"level":"info","message":"Mongoose connected to the database"}
{"level":"info","message":"Request from ::1"}
{"level":"info","message":"Get all help tickets"}
{"level":"info","message":"Request from ::1"}
{"level":"info","message":"Get help ticket content for help ticket %s"}
{"level":"info","message":"Loading Mongoose functionality"}
{"level":"info","message":"Starting application"}
{"level":"info","message":"HTTP Server listening on port: %d, in %s mode"}
{"level":"info","message":"Mongoose connected to the database"}
{"level":"info","message":"Request from ::1"}
{"level":"info","message":"Get all help tickets"}
{"level":"info","message":"Request from ::1"}
{"level":"info","message":"Get help ticket content for help ticket %s"}
{"level":"info","message":"Loading Mongoose functionality"}
{"level":"info","message":"Starting application"}
{"level":"info","message":"HTTP Server listening on port: %d, in %s mode"}
{"level":"info","message":"Mongoose connected to the database"}
{"level":"info","message":"Request from ::1"}
{"level":"info","message":"Get all help tickets"}
{"level":"info","message":"Request from ::1"}
{"level":"info","message":"Get help ticket content for help ticket %s"}
{"level":"info","message":"Request from ::1"}
{"level":"info","message":"Get all help tickets"}
{"level":"info","message":"Request from ::1"}
{"level":"info","message":"Get help ticket content for help ticket %s"}
{"level":"info","message":"Request from ::1"}
{"level":"info","message":"Get all help tickets"}
{"level":"info","message":"Request from ::1"}
{"level":"info","message":"Get help ticket content for help ticket %s"}
{"level":"info","message":"Request from ::1"}
{"level":"info","message":"Updating HelpTicket"}
{"level":"info","message":"Loading Mongoose functionality"}
{"level":"info","message":"Starting application"}
{"level":"info","message":"HTTP Server listening on port: %d, in %s mode"}
{"level":"info","message":"Mongoose connected to the database"}
{"level":"info","message":"Request from ::1"}
{"level":"info","message":"Get all help tickets"}
{"level":"info","message":"Request from ::1"}
{"level":"info","message":"Get help ticket content for help ticket %s"}
{"level":"info","message":"Request from ::1"}
{"level":"info","message":"Updating HelpTicket"}
{"level":"info","message":"Request from ::1"}
{"level":"info","message":"Get all help tickets"}
{"level":"info","message":"Loading Mongoose functionality"}
{"level":"info","message":"Starting application"}
{"level":"info","message":"HTTP Server listening on port: %d, in %s mode"}
{"level":"info","message":"Mongoose connected to the database"}
{"level":"info","message":"Request from ::1"}
{"level":"info","message":"Get all help tickets"}
{"level":"info","message":"Request from ::1"}
{"level":"info","message":"Get help ticket content for help ticket %s"}
{"level":"info","message":"Request from ::1"}
{"level":"info","message":"Get all help tickets"}
{"level":"info","message":"Request from ::1"}
{"level":"info","message":"Get help ticket content for help ticket %s"}
{"level":"info","message":"Request from ::1"}
{"level":"info","message":"Updating HelpTicket"}
{"level":"info","message":"Request from ::1"}
{"level":"info","message":"Get all help tickets"}
{"level":"info","message":"Request from ::1"}
{"level":"info","message":"Get help ticket content for help ticket %s"}
{"level":"info","message":"Request from ::1"}
{"level":"info","message":"Get help ticket content for help ticket %s"}
{"level":"info","message":"Request from ::1"}
{"level":"info","message":"Get help ticket content for help ticket %s"}
{"level":"info","message":"Request from ::1"}
{"level":"info","message":"Get all help tickets"}
{"level":"info","message":"Request from ::1"}
{"level":"info","message":"Get all help tickets"}
{"level":"info","message":"Request from ::1"}
{"level":"info","message":"Get help ticket content for help ticket %s"}
{"level":"info","message":"Request from ::1"}
{"level":"info","message":"Get help ticket content for help ticket %s"}
