{"level":"info","message":"HTTP Server listening on port: %d, in %s mode"}
{"level":"info","message":"HTTP Server listening on port: %d, in %s mode"}
{"level":"info","message":"HTTP Server listening on port: %d, in %s mode"}
{"level":"info","message":"HTTP Server listening on port: %d, in %s mode"}
{"level":"info","message":"HTTP Server listening on port: %d, in %s mode"}
{"level":"info","message":"HTTP Server listening on port: %d, in %s mode"}
{"level":"info","message":"Request from ::1"}
{"level":"info","message":"Request from ::1"}
{"level":"info","message":"Starting application"}
{"level":"info","message":"HTTP Server listening on port: %d, in %s mode"}
{"level":"info","message":"Starting application"}
{"level":"info","message":"HTTP Server listening on port: %d, in %s mode"}
{"level":"info","message":"Request from ::1"}
{"level":"error","message":"Page not found"}
{"level":"info","message":"Starting application"}
{"level":"info","message":"HTTP Server listening on port: %d, in %s mode"}
{"level":"info","message":"Request from ::1"}
{"level":"error","message":"File not found: %s"}
{"level":"info","message":"Starting application"}
{"level":"info","message":"HTTP Server listening on port: %d, in %s mode"}
{"level":"info","message":"Starting application"}
{"level":"info","message":"HTTP Server listening on port: %d, in %s mode"}
{"level":"info","message":"Starting application"}
{"level":"info","message":"HTTP Server listening on port: %d, in %s mode"}
{"level":"info","message":"Starting application"}
{"level":"info","message":"HTTP Server listening on port: %d, in %s mode"}
{"level":"info","message":"Request from ::1"}
{"level":"error","message":"File not found: %s"}
{"level":"info","message":"Starting application"}
{"level":"info","message":"HTTP Server listening on port: %d, in %s mode"}
{"level":"info","message":"Request from ::1"}
{"level":"error","message":"File not found: %s"}
{"level":"info","message":"Request from ::1"}
{"level":"error","message":"File not found: %s"}
{"level":"info","message":"Starting application"}
{"level":"info","message":"HTTP Server listening on port: %d, in %s mode"}
{"level":"info","message":"Request from ::1"}
{"level":"error","message":"File not found: %s"}
{"level":"info","message":"Starting application"}
{"level":"info","message":"HTTP Server listening on port: %d, in %s mode"}
{"level":"info","message":"Request from ::1"}
{"level":"error","message":"File not found: %s"}
{"level":"info","message":"Request from ::1"}
{"level":"error","message":"File not found: %s"}
{"level":"info","message":"Request from ::1"}
{"level":"error","message":"File not found: %s"}
