{"level":"info","message":"Loading Mongoose functionality"}
{"level":"info","message":"Starting application"}
{"level":"info","message":"HTTP Server listening on port: %d, in %s mode"}
{"level":"info","message":"Mongoose connected to the database"}
{"level":"info","message":"Request from ::1"}
{"level":"info","message":"Creating user"}
{"level":"info","message":"Loading Mongoose functionality"}
{"level":"info","message":"Starting application"}
{"level":"info","message":"HTTP Server listening on port: %d, in %s mode"}
{"level":"info","message":"Mongoose connected to the database"}
{"level":"info","message":"Request from ::1"}
{"level":"info","message":"Update password for user %s"}
{"level":"info","message":"Request from ::1"}
{"level":"info","message":"Request from ::1"}
{"level":"info","message":"Loading Mongoose functionality"}
{"level":"info","message":"Starting application"}
{"level":"info","message":"HTTP Server listening on port: %d, in %s mode"}
{"level":"info","message":"Mongoose connected to the database"}
{"level":"info","message":"Request from ::1"}
{"level":"info","message":"Request from ::1"}
{"level":"info","message":"Request from ::1"}
{"level":"info","message":"Update password for user %s"}
{"level":"info","message":"Request from ::1"}
{"level":"info","message":"Request from ::1"}
{"level":"info","message":"Loading Mongoose functionality"}
{"level":"info","message":"Starting application"}
{"level":"info","message":"HTTP Server listening on port: %d, in %s mode"}
{"level":"info","message":"Mongoose connected to the database"}
{"level":"info","message":"Request from ::1"}
{"level":"info","message":"Update password for user %s"}
{"level":"info","message":"Request from ::1"}
